[2020-11-17T09:37:40.165087+01:00] GameLogger.INFO: The player start defends {"Class":"Game\\Model\\Player","Function":"attack","Line":90} []
[2020-11-17T09:37:40.170770+01:00] GameLogger.INFO: The player start defends {"Class":"Game\\Model\\Player","Function":"defend","Line":100} []
[2020-11-17T09:37:40.171386+01:00] GameLogger.INFO: Rapid strike activated {"Class":"Game\\Model\\Hero","Function":"rapidStrike","Line":22} []
[2020-11-17T09:37:40.171963+01:00] GameLogger.INFO: Magic schield activated {"Class":"Game\\Model\\Hero","Function":"magicSchield","Line":32} []
[2020-11-17T11:57:49.201600+01:00] GameLogger.ERROR: An exception occured! {"exception":"[object] (Error(code: 0): Typed property Game\\Model\\Player::$name must not be accessed before initialization at C:\\xampp\\htdocs\\BattleGame\\src\\model\\Player.php:36)"} []
[2020-11-17T11:57:49.216270+01:00] GameLogger.INFO: The player start defends {"Class":"Game\\Model\\Player","Function":"defend","Line":100} []
[2020-11-17T11:57:49.218590+01:00] GameLogger.INFO: Rapid strike activated {"Class":"Game\\Model\\Hero","Function":"rapidStrike","Line":22} []
[2020-11-17T11:57:49.222282+01:00] GameLogger.INFO: Magic schield activated {"Class":"Game\\Model\\Hero","Function":"magicSchield","Line":32} []
[2020-11-17T11:59:07.640895+01:00] GameLogger.INFO: The player start defends {"Class":"Game\\Model\\Player","Function":"defend","Line":100} []
[2020-11-17T11:59:07.650391+01:00] GameLogger.INFO: Rapid strike activated {"Class":"Game\\Model\\Hero","Function":"rapidStrike","Line":22} []
[2020-11-17T11:59:07.652520+01:00] GameLogger.INFO: Magic schield activated {"Class":"Game\\Model\\Hero","Function":"magicSchield","Line":32} []
[2020-11-17T11:59:31.648800+01:00] GameLogger.INFO: The player start defends {"Class":"Game\\Model\\Player","Function":"defend","Line":100} []
[2020-11-17T11:59:31.653837+01:00] GameLogger.INFO: Rapid strike activated {"Class":"Game\\Model\\Hero","Function":"rapidStrike","Line":22} []
[2020-11-17T11:59:31.655008+01:00] GameLogger.INFO: Magic schield activated {"Class":"Game\\Model\\Hero","Function":"magicSchield","Line":32} []
[2020-11-17T12:53:38.949543+01:00] GameLogger.INFO: The player start defends {"Class":"Game\\Model\\Player","Function":"defend","Line":100} []
[2020-11-17T12:53:38.965998+01:00] GameLogger.INFO: Rapid strike activated {"Class":"Game\\Model\\Hero","Function":"rapidStrike","Line":22} []
[2020-11-17T12:53:38.969289+01:00] GameLogger.INFO: Magic schield activated {"Class":"Game\\Model\\Hero","Function":"magicShield","Line":32} []
[2020-11-17T12:59:25.780038+01:00] GameLogger.ERROR: An exception occured! {"exception":"[object] (Error(code: 0): Typed property Game\\Model\\Player::$enemy must not be accessed before initialization at C:\\xampp\\htdocs\\BattleGame\\src\\model\\Player.php:89)"} []
[2020-11-17T12:59:25.785213+01:00] GameLogger.ERROR: An exception occured! {"exception":"[object] (Error(code: 0): Typed property Game\\Model\\Player::$enemy must not be accessed before initialization at C:\\xampp\\htdocs\\BattleGame\\src\\model\\Player.php:89)"} []
[2020-11-17T12:59:25.786415+01:00] GameLogger.ERROR: An exception occured! {"exception":"[object] (Error(code: 0): Typed property Game\\Model\\Player::$enemy must not be accessed before initialization at C:\\xampp\\htdocs\\BattleGame\\src\\model\\Player.php:89)"} []
[2020-11-17T12:59:25.787581+01:00] GameLogger.ERROR: An exception occured! {"exception":"[object] (Error(code: 0): Typed property Game\\Model\\Player::$enemy must not be accessed before initialization at C:\\xampp\\htdocs\\BattleGame\\src\\model\\Player.php:89)"} []
[2020-11-17T13:03:24.496608+01:00] GameLogger.ERROR: An exception occured! {"exception":"[object] (Error(code: 0): Typed property Game\\Model\\Player::$enemy must not be accessed before initialization at C:\\xampp\\htdocs\\BattleGame\\src\\model\\Player.php:89)"} []
[2020-11-17T13:03:24.500648+01:00] GameLogger.ERROR: An exception occured! {"exception":"[object] (Error(code: 0): Typed property Game\\Model\\Player::$enemy must not be accessed before initialization at C:\\xampp\\htdocs\\BattleGame\\src\\model\\Player.php:89)"} []
[2020-11-17T13:03:24.501509+01:00] GameLogger.ERROR: An exception occured! {"exception":"[object] (Error(code: 0): Typed property Game\\Model\\Player::$enemy must not be accessed before initialization at C:\\xampp\\htdocs\\BattleGame\\src\\model\\Player.php:89)"} []
